[0.570s] DEBUG:colcon:Command line arguments: ['/usr/bin/colcon', 'build']
[0.570s] DEBUG:colcon:Parsed command line arguments: Namespace(log_base=None, log_level=None, verb_name='build', build_base='build', install_base='install', merge_install=False, symlink_install=False, test_result_base=None, continue_on_error=False, executor='parallel', parallel_workers=16, event_handlers=None, ignore_user_meta=False, metas=['./colcon.meta'], base_paths=['.'], packages_ignore=None, packages_ignore_regex=None, paths=None, packages_up_to=None, packages_up_to_regex=None, packages_above=None, packages_above_and_dependencies=None, packages_above_depth=None, packages_select_by_dep=None, packages_skip_by_dep=None, packages_skip_up_to=None, packages_select_build_failed=False, packages_skip_build_finished=False, packages_select_test_failures=False, packages_skip_test_passed=False, packages_select=None, packages_skip=None, packages_select_regex=None, packages_skip_regex=None, packages_start=None, packages_end=None, allow_overriding=[], cmake_args=None, cmake_target=None, cmake_target_skip_unavailable=False, cmake_clean_cache=False, cmake_clean_first=False, cmake_force_configure=False, ament_cmake_args=None, catkin_cmake_args=None, catkin_skip_building_tests=False, mixin_files=None, mixin=None, verb_parser=<colcon_mixin.mixin.mixin_argument.MixinArgumentDecorator object at 0x73802d402b90>, verb_extension=<colcon_core.verb.build.BuildVerb object at 0x73802d4024d0>, main=<bound method BuildVerb.main of <colcon_core.verb.build.BuildVerb object at 0x73802d4024d0>>, mixin_verb=('build',))
[0.682s] Level 1:colcon.colcon_core.package_discovery:discover_packages(colcon_meta) check parameters
[0.682s] Level 1:colcon.colcon_core.package_discovery:discover_packages(recursive) check parameters
[0.682s] Level 1:colcon.colcon_core.package_discovery:discover_packages(ignore) check parameters
[0.682s] Level 1:colcon.colcon_core.package_discovery:discover_packages(path) check parameters
[0.682s] Level 1:colcon.colcon_core.package_discovery:discover_packages(colcon_meta) discover
[0.682s] Level 1:colcon.colcon_core.package_discovery:discover_packages(recursive) discover
[0.682s] INFO:colcon.colcon_core.package_discovery:Crawling recursively for packages in '/home/while/robomaster_ws'
[0.682s] Level 1:colcon.colcon_core.package_identification:_identify(.) by extensions ['ignore', 'ignore_ament_install']
[0.682s] Level 1:colcon.colcon_core.package_identification:_identify(.) by extension 'ignore'
[0.682s] Level 1:colcon.colcon_core.package_identification:_identify(.) by extension 'ignore_ament_install'
[0.683s] Level 1:colcon.colcon_core.package_identification:_identify(.) by extensions ['colcon_pkg']
[0.683s] Level 1:colcon.colcon_core.package_identification:_identify(.) by extension 'colcon_pkg'
[0.683s] Level 1:colcon.colcon_core.package_identification:_identify(.) by extensions ['colcon_meta']
[0.683s] Level 1:colcon.colcon_core.package_identification:_identify(.) by extension 'colcon_meta'
[0.683s] Level 1:colcon.colcon_core.package_identification:_identify(.) by extensions ['ros']
[0.683s] Level 1:colcon.colcon_core.package_identification:_identify(.) by extension 'ros'
[0.715s] Level 1:colcon.colcon_core.package_identification:_identify(.) by extensions ['cmake', 'python']
[0.715s] Level 1:colcon.colcon_core.package_identification:_identify(.) by extension 'cmake'
[0.715s] Level 1:colcon.colcon_core.package_identification:_identify(.) by extension 'python'
[0.715s] Level 1:colcon.colcon_core.package_identification:_identify(.) by extensions ['python_setup_py']
[0.715s] Level 1:colcon.colcon_core.package_identification:_identify(.) by extension 'python_setup_py'
[0.715s] Level 1:colcon.colcon_core.package_identification:_identify(build) by extensions ['ignore', 'ignore_ament_install']
[0.715s] Level 1:colcon.colcon_core.package_identification:_identify(build) by extension 'ignore'
[0.715s] Level 1:colcon.colcon_core.package_identification:_identify(build) ignored
[0.715s] Level 1:colcon.colcon_core.package_identification:_identify(install) by extensions ['ignore', 'ignore_ament_install']
[0.716s] Level 1:colcon.colcon_core.package_identification:_identify(install) by extension 'ignore'
[0.716s] Level 1:colcon.colcon_core.package_identification:_identify(install) ignored
[0.716s] Level 1:colcon.colcon_core.package_identification:_identify(log) by extensions ['ignore', 'ignore_ament_install']
[0.716s] Level 1:colcon.colcon_core.package_identification:_identify(log) by extension 'ignore'
[0.716s] Level 1:colcon.colcon_core.package_identification:_identify(log) ignored
[0.716s] Level 1:colcon.colcon_core.package_identification:_identify(src) by extensions ['ignore', 'ignore_ament_install']
[0.716s] Level 1:colcon.colcon_core.package_identification:_identify(src) by extension 'ignore'
[0.716s] Level 1:colcon.colcon_core.package_identification:_identify(src) by extension 'ignore_ament_install'
[0.716s] Level 1:colcon.colcon_core.package_identification:_identify(src) by extensions ['colcon_pkg']
[0.716s] Level 1:colcon.colcon_core.package_identification:_identify(src) by extension 'colcon_pkg'
[0.716s] Level 1:colcon.colcon_core.package_identification:_identify(src) by extensions ['colcon_meta']
[0.716s] Level 1:colcon.colcon_core.package_identification:_identify(src) by extension 'colcon_meta'
[0.716s] Level 1:colcon.colcon_core.package_identification:_identify(src) by extensions ['ros']
[0.716s] Level 1:colcon.colcon_core.package_identification:_identify(src) by extension 'ros'
[0.717s] Level 1:colcon.colcon_core.package_identification:_identify(src) by extensions ['cmake', 'python']
[0.717s] Level 1:colcon.colcon_core.package_identification:_identify(src) by extension 'cmake'
[0.717s] Level 1:colcon.colcon_core.package_identification:_identify(src) by extension 'python'
[0.717s] Level 1:colcon.colcon_core.package_identification:_identify(src) by extensions ['python_setup_py']
[0.717s] Level 1:colcon.colcon_core.package_identification:_identify(src) by extension 'python_setup_py'
[0.717s] Level 1:colcon.colcon_core.package_identification:_identify(src/robomaster_ros) by extensions ['ignore', 'ignore_ament_install']
[0.717s] Level 1:colcon.colcon_core.package_identification:_identify(src/robomaster_ros) by extension 'ignore'
[0.717s] Level 1:colcon.colcon_core.package_identification:_identify(src/robomaster_ros) by extension 'ignore_ament_install'
[0.717s] Level 1:colcon.colcon_core.package_identification:_identify(src/robomaster_ros) by extensions ['colcon_pkg']
[0.717s] Level 1:colcon.colcon_core.package_identification:_identify(src/robomaster_ros) by extension 'colcon_pkg'
[0.717s] Level 1:colcon.colcon_core.package_identification:_identify(src/robomaster_ros) by extensions ['colcon_meta']
[0.717s] Level 1:colcon.colcon_core.package_identification:_identify(src/robomaster_ros) by extension 'colcon_meta'
[0.717s] Level 1:colcon.colcon_core.package_identification:_identify(src/robomaster_ros) by extensions ['ros']
[0.717s] Level 1:colcon.colcon_core.package_identification:_identify(src/robomaster_ros) by extension 'ros'
[0.718s] Level 1:colcon.colcon_core.package_identification:_identify(src/robomaster_ros) by extensions ['cmake', 'python']
[0.718s] Level 1:colcon.colcon_core.package_identification:_identify(src/robomaster_ros) by extension 'cmake'
[0.718s] Level 1:colcon.colcon_core.package_identification:_identify(src/robomaster_ros) by extension 'python'
[0.718s] Level 1:colcon.colcon_core.package_identification:_identify(src/robomaster_ros) by extensions ['python_setup_py']
[0.718s] Level 1:colcon.colcon_core.package_identification:_identify(src/robomaster_ros) by extension 'python_setup_py'
[0.718s] Level 1:colcon.colcon_core.package_identification:_identify(src/robomaster_ros/docker) by extensions ['ignore', 'ignore_ament_install']
[0.718s] Level 1:colcon.colcon_core.package_identification:_identify(src/robomaster_ros/docker) by extension 'ignore'
[0.718s] Level 1:colcon.colcon_core.package_identification:_identify(src/robomaster_ros/docker) by extension 'ignore_ament_install'
[0.718s] Level 1:colcon.colcon_core.package_identification:_identify(src/robomaster_ros/docker) by extensions ['colcon_pkg']
[0.718s] Level 1:colcon.colcon_core.package_identification:_identify(src/robomaster_ros/docker) by extension 'colcon_pkg'
[0.718s] Level 1:colcon.colcon_core.package_identification:_identify(src/robomaster_ros/docker) by extensions ['colcon_meta']
[0.718s] Level 1:colcon.colcon_core.package_identification:_identify(src/robomaster_ros/docker) by extension 'colcon_meta'
[0.718s] Level 1:colcon.colcon_core.package_identification:_identify(src/robomaster_ros/docker) by extensions ['ros']
[0.718s] Level 1:colcon.colcon_core.package_identification:_identify(src/robomaster_ros/docker) by extension 'ros'
[0.718s] Level 1:colcon.colcon_core.package_identification:_identify(src/robomaster_ros/docker) by extensions ['cmake', 'python']
[0.718s] Level 1:colcon.colcon_core.package_identification:_identify(src/robomaster_ros/docker) by extension 'cmake'
[0.718s] Level 1:colcon.colcon_core.package_identification:_identify(src/robomaster_ros/docker) by extension 'python'
[0.718s] Level 1:colcon.colcon_core.package_identification:_identify(src/robomaster_ros/docker) by extensions ['python_setup_py']
[0.718s] Level 1:colcon.colcon_core.package_identification:_identify(src/robomaster_ros/docker) by extension 'python_setup_py'
[0.719s] Level 1:colcon.colcon_core.package_identification:_identify(src/robomaster_ros/docker/foxy) by extensions ['ignore', 'ignore_ament_install']
[0.719s] Level 1:colcon.colcon_core.package_identification:_identify(src/robomaster_ros/docker/foxy) by extension 'ignore'
[0.719s] Level 1:colcon.colcon_core.package_identification:_identify(src/robomaster_ros/docker/foxy) by extension 'ignore_ament_install'
[0.719s] Level 1:colcon.colcon_core.package_identification:_identify(src/robomaster_ros/docker/foxy) by extensions ['colcon_pkg']
[0.719s] Level 1:colcon.colcon_core.package_identification:_identify(src/robomaster_ros/docker/foxy) by extension 'colcon_pkg'
[0.719s] Level 1:colcon.colcon_core.package_identification:_identify(src/robomaster_ros/docker/foxy) by extensions ['colcon_meta']
[0.719s] Level 1:colcon.colcon_core.package_identification:_identify(src/robomaster_ros/docker/foxy) by extension 'colcon_meta'
[0.719s] Level 1:colcon.colcon_core.package_identification:_identify(src/robomaster_ros/docker/foxy) by extensions ['ros']
[0.719s] Level 1:colcon.colcon_core.package_identification:_identify(src/robomaster_ros/docker/foxy) by extension 'ros'
[0.719s] Level 1:colcon.colcon_core.package_identification:_identify(src/robomaster_ros/docker/foxy) by extensions ['cmake', 'python']
[0.719s] Level 1:colcon.colcon_core.package_identification:_identify(src/robomaster_ros/docker/foxy) by extension 'cmake'
[0.719s] Level 1:colcon.colcon_core.package_identification:_identify(src/robomaster_ros/docker/foxy) by extension 'python'
[0.719s] Level 1:colcon.colcon_core.package_identification:_identify(src/robomaster_ros/docker/foxy) by extensions ['python_setup_py']
[0.719s] Level 1:colcon.colcon_core.package_identification:_identify(src/robomaster_ros/docker/foxy) by extension 'python_setup_py'
[0.719s] Level 1:colcon.colcon_core.package_identification:_identify(src/robomaster_ros/docker/foxy/ep) by extensions ['ignore', 'ignore_ament_install']
[0.720s] Level 1:colcon.colcon_core.package_identification:_identify(src/robomaster_ros/docker/foxy/ep) by extension 'ignore'
[0.720s] Level 1:colcon.colcon_core.package_identification:_identify(src/robomaster_ros/docker/foxy/ep) by extension 'ignore_ament_install'
[0.720s] Level 1:colcon.colcon_core.package_identification:_identify(src/robomaster_ros/docker/foxy/ep) by extensions ['colcon_pkg']
[0.720s] Level 1:colcon.colcon_core.package_identification:_identify(src/robomaster_ros/docker/foxy/ep) by extension 'colcon_pkg'
[0.720s] Level 1:colcon.colcon_core.package_identification:_identify(src/robomaster_ros/docker/foxy/ep) by extensions ['colcon_meta']
[0.720s] Level 1:colcon.colcon_core.package_identification:_identify(src/robomaster_ros/docker/foxy/ep) by extension 'colcon_meta'
[0.720s] Level 1:colcon.colcon_core.package_identification:_identify(src/robomaster_ros/docker/foxy/ep) by extensions ['ros']
[0.720s] Level 1:colcon.colcon_core.package_identification:_identify(src/robomaster_ros/docker/foxy/ep) by extension 'ros'
[0.720s] Level 1:colcon.colcon_core.package_identification:_identify(src/robomaster_ros/docker/foxy/ep) by extensions ['cmake', 'python']
[0.720s] Level 1:colcon.colcon_core.package_identification:_identify(src/robomaster_ros/docker/foxy/ep) by extension 'cmake'
[0.720s] Level 1:colcon.colcon_core.package_identification:_identify(src/robomaster_ros/docker/foxy/ep) by extension 'python'
[0.720s] Level 1:colcon.colcon_core.package_identification:_identify(src/robomaster_ros/docker/foxy/ep) by extensions ['python_setup_py']
[0.720s] Level 1:colcon.colcon_core.package_identification:_identify(src/robomaster_ros/docker/foxy/ep) by extension 'python_setup_py'
[0.720s] Level 1:colcon.colcon_core.package_identification:_identify(src/robomaster_ros/docker/foxy/s1) by extensions ['ignore', 'ignore_ament_install']
[0.720s] Level 1:colcon.colcon_core.package_identification:_identify(src/robomaster_ros/docker/foxy/s1) by extension 'ignore'
[0.720s] Level 1:colcon.colcon_core.package_identification:_identify(src/robomaster_ros/docker/foxy/s1) by extension 'ignore_ament_install'
[0.721s] Level 1:colcon.colcon_core.package_identification:_identify(src/robomaster_ros/docker/foxy/s1) by extensions ['colcon_pkg']
[0.721s] Level 1:colcon.colcon_core.package_identification:_identify(src/robomaster_ros/docker/foxy/s1) by extension 'colcon_pkg'
[0.721s] Level 1:colcon.colcon_core.package_identification:_identify(src/robomaster_ros/docker/foxy/s1) by extensions ['colcon_meta']
[0.721s] Level 1:colcon.colcon_core.package_identification:_identify(src/robomaster_ros/docker/foxy/s1) by extension 'colcon_meta'
[0.721s] Level 1:colcon.colcon_core.package_identification:_identify(src/robomaster_ros/docker/foxy/s1) by extensions ['ros']
[0.721s] Level 1:colcon.colcon_core.package_identification:_identify(src/robomaster_ros/docker/foxy/s1) by extension 'ros'
[0.721s] Level 1:colcon.colcon_core.package_identification:_identify(src/robomaster_ros/docker/foxy/s1) by extensions ['cmake', 'python']
[0.721s] Level 1:colcon.colcon_core.package_identification:_identify(src/robomaster_ros/docker/foxy/s1) by extension 'cmake'
[0.721s] Level 1:colcon.colcon_core.package_identification:_identify(src/robomaster_ros/docker/foxy/s1) by extension 'python'
[0.721s] Level 1:colcon.colcon_core.package_identification:_identify(src/robomaster_ros/docker/foxy/s1) by extensions ['python_setup_py']
[0.721s] Level 1:colcon.colcon_core.package_identification:_identify(src/robomaster_ros/docker/foxy/s1) by extension 'python_setup_py'
[0.721s] Level 1:colcon.colcon_core.package_identification:_identify(src/robomaster_ros/docker/galactic) by extensions ['ignore', 'ignore_ament_install']
[0.721s] Level 1:colcon.colcon_core.package_identification:_identify(src/robomaster_ros/docker/galactic) by extension 'ignore'
[0.721s] Level 1:colcon.colcon_core.package_identification:_identify(src/robomaster_ros/docker/galactic) by extension 'ignore_ament_install'
[0.721s] Level 1:colcon.colcon_core.package_identification:_identify(src/robomaster_ros/docker/galactic) by extensions ['colcon_pkg']
[0.721s] Level 1:colcon.colcon_core.package_identification:_identify(src/robomaster_ros/docker/galactic) by extension 'colcon_pkg'
[0.721s] Level 1:colcon.colcon_core.package_identification:_identify(src/robomaster_ros/docker/galactic) by extensions ['colcon_meta']
[0.721s] Level 1:colcon.colcon_core.package_identification:_identify(src/robomaster_ros/docker/galactic) by extension 'colcon_meta'
[0.722s] Level 1:colcon.colcon_core.package_identification:_identify(src/robomaster_ros/docker/galactic) by extensions ['ros']
[0.722s] Level 1:colcon.colcon_core.package_identification:_identify(src/robomaster_ros/docker/galactic) by extension 'ros'
[0.722s] Level 1:colcon.colcon_core.package_identification:_identify(src/robomaster_ros/docker/galactic) by extensions ['cmake', 'python']
[0.722s] Level 1:colcon.colcon_core.package_identification:_identify(src/robomaster_ros/docker/galactic) by extension 'cmake'
[0.722s] Level 1:colcon.colcon_core.package_identification:_identify(src/robomaster_ros/docker/galactic) by extension 'python'
[0.722s] Level 1:colcon.colcon_core.package_identification:_identify(src/robomaster_ros/docker/galactic) by extensions ['python_setup_py']
[0.722s] Level 1:colcon.colcon_core.package_identification:_identify(src/robomaster_ros/docker/galactic) by extension 'python_setup_py'
[0.722s] Level 1:colcon.colcon_core.package_identification:_identify(src/robomaster_ros/docker/galactic/ep) by extensions ['ignore', 'ignore_ament_install']
[0.722s] Level 1:colcon.colcon_core.package_identification:_identify(src/robomaster_ros/docker/galactic/ep) by extension 'ignore'
[0.722s] Level 1:colcon.colcon_core.package_identification:_identify(src/robomaster_ros/docker/galactic/ep) by extension 'ignore_ament_install'
[0.722s] Level 1:colcon.colcon_core.package_identification:_identify(src/robomaster_ros/docker/galactic/ep) by extensions ['colcon_pkg']
[0.722s] Level 1:colcon.colcon_core.package_identification:_identify(src/robomaster_ros/docker/galactic/ep) by extension 'colcon_pkg'
[0.722s] Level 1:colcon.colcon_core.package_identification:_identify(src/robomaster_ros/docker/galactic/ep) by extensions ['colcon_meta']
[0.722s] Level 1:colcon.colcon_core.package_identification:_identify(src/robomaster_ros/docker/galactic/ep) by extension 'colcon_meta'
[0.722s] Level 1:colcon.colcon_core.package_identification:_identify(src/robomaster_ros/docker/galactic/ep) by extensions ['ros']
[0.722s] Level 1:colcon.colcon_core.package_identification:_identify(src/robomaster_ros/docker/galactic/ep) by extension 'ros'
[0.722s] Level 1:colcon.colcon_core.package_identification:_identify(src/robomaster_ros/docker/galactic/ep) by extensions ['cmake', 'python']
[0.722s] Level 1:colcon.colcon_core.package_identification:_identify(src/robomaster_ros/docker/galactic/ep) by extension 'cmake'
[0.723s] Level 1:colcon.colcon_core.package_identification:_identify(src/robomaster_ros/docker/galactic/ep) by extension 'python'
[0.723s] Level 1:colcon.colcon_core.package_identification:_identify(src/robomaster_ros/docker/galactic/ep) by extensions ['python_setup_py']
[0.723s] Level 1:colcon.colcon_core.package_identification:_identify(src/robomaster_ros/docker/galactic/ep) by extension 'python_setup_py'
[0.723s] Level 1:colcon.colcon_core.package_identification:_identify(src/robomaster_ros/docker/galactic/s1) by extensions ['ignore', 'ignore_ament_install']
[0.723s] Level 1:colcon.colcon_core.package_identification:_identify(src/robomaster_ros/docker/galactic/s1) by extension 'ignore'
[0.723s] Level 1:colcon.colcon_core.package_identification:_identify(src/robomaster_ros/docker/galactic/s1) by extension 'ignore_ament_install'
[0.723s] Level 1:colcon.colcon_core.package_identification:_identify(src/robomaster_ros/docker/galactic/s1) by extensions ['colcon_pkg']
[0.723s] Level 1:colcon.colcon_core.package_identification:_identify(src/robomaster_ros/docker/galactic/s1) by extension 'colcon_pkg'
[0.723s] Level 1:colcon.colcon_core.package_identification:_identify(src/robomaster_ros/docker/galactic/s1) by extensions ['colcon_meta']
[0.723s] Level 1:colcon.colcon_core.package_identification:_identify(src/robomaster_ros/docker/galactic/s1) by extension 'colcon_meta'
[0.723s] Level 1:colcon.colcon_core.package_identification:_identify(src/robomaster_ros/docker/galactic/s1) by extensions ['ros']
[0.723s] Level 1:colcon.colcon_core.package_identification:_identify(src/robomaster_ros/docker/galactic/s1) by extension 'ros'
[0.723s] Level 1:colcon.colcon_core.package_identification:_identify(src/robomaster_ros/docker/galactic/s1) by extensions ['cmake', 'python']
[0.723s] Level 1:colcon.colcon_core.package_identification:_identify(src/robomaster_ros/docker/galactic/s1) by extension 'cmake'
[0.723s] Level 1:colcon.colcon_core.package_identification:_identify(src/robomaster_ros/docker/galactic/s1) by extension 'python'
[0.723s] Level 1:colcon.colcon_core.package_identification:_identify(src/robomaster_ros/docker/galactic/s1) by extensions ['python_setup_py']
[0.723s] Level 1:colcon.colcon_core.package_identification:_identify(src/robomaster_ros/docker/galactic/s1) by extension 'python_setup_py'
[0.723s] Level 1:colcon.colcon_core.package_identification:_identify(src/robomaster_ros/docker/humble) by extensions ['ignore', 'ignore_ament_install']
[0.724s] Level 1:colcon.colcon_core.package_identification:_identify(src/robomaster_ros/docker/humble) by extension 'ignore'
[0.724s] Level 1:colcon.colcon_core.package_identification:_identify(src/robomaster_ros/docker/humble) by extension 'ignore_ament_install'
[0.724s] Level 1:colcon.colcon_core.package_identification:_identify(src/robomaster_ros/docker/humble) by extensions ['colcon_pkg']
[0.724s] Level 1:colcon.colcon_core.package_identification:_identify(src/robomaster_ros/docker/humble) by extension 'colcon_pkg'
[0.724s] Level 1:colcon.colcon_core.package_identification:_identify(src/robomaster_ros/docker/humble) by extensions ['colcon_meta']
[0.724s] Level 1:colcon.colcon_core.package_identification:_identify(src/robomaster_ros/docker/humble) by extension 'colcon_meta'
[0.724s] Level 1:colcon.colcon_core.package_identification:_identify(src/robomaster_ros/docker/humble) by extensions ['ros']
[0.724s] Level 1:colcon.colcon_core.package_identification:_identify(src/robomaster_ros/docker/humble) by extension 'ros'
[0.724s] Level 1:colcon.colcon_core.package_identification:_identify(src/robomaster_ros/docker/humble) by extensions ['cmake', 'python']
[0.724s] Level 1:colcon.colcon_core.package_identification:_identify(src/robomaster_ros/docker/humble) by extension 'cmake'
[0.724s] Level 1:colcon.colcon_core.package_identification:_identify(src/robomaster_ros/docker/humble) by extension 'python'
[0.724s] Level 1:colcon.colcon_core.package_identification:_identify(src/robomaster_ros/docker/humble) by extensions ['python_setup_py']
[0.724s] Level 1:colcon.colcon_core.package_identification:_identify(src/robomaster_ros/docker/humble) by extension 'python_setup_py'
[0.724s] Level 1:colcon.colcon_core.package_identification:_identify(src/robomaster_ros/docker/humble/ep) by extensions ['ignore', 'ignore_ament_install']
[0.724s] Level 1:colcon.colcon_core.package_identification:_identify(src/robomaster_ros/docker/humble/ep) by extension 'ignore'
[0.725s] Level 1:colcon.colcon_core.package_identification:_identify(src/robomaster_ros/docker/humble/ep) by extension 'ignore_ament_install'
[0.725s] Level 1:colcon.colcon_core.package_identification:_identify(src/robomaster_ros/docker/humble/ep) by extensions ['colcon_pkg']
[0.725s] Level 1:colcon.colcon_core.package_identification:_identify(src/robomaster_ros/docker/humble/ep) by extension 'colcon_pkg'
[0.725s] Level 1:colcon.colcon_core.package_identification:_identify(src/robomaster_ros/docker/humble/ep) by extensions ['colcon_meta']
[0.725s] Level 1:colcon.colcon_core.package_identification:_identify(src/robomaster_ros/docker/humble/ep) by extension 'colcon_meta'
[0.725s] Level 1:colcon.colcon_core.package_identification:_identify(src/robomaster_ros/docker/humble/ep) by extensions ['ros']
[0.725s] Level 1:colcon.colcon_core.package_identification:_identify(src/robomaster_ros/docker/humble/ep) by extension 'ros'
[0.725s] Level 1:colcon.colcon_core.package_identification:_identify(src/robomaster_ros/docker/humble/ep) by extensions ['cmake', 'python']
[0.725s] Level 1:colcon.colcon_core.package_identification:_identify(src/robomaster_ros/docker/humble/ep) by extension 'cmake'
[0.725s] Level 1:colcon.colcon_core.package_identification:_identify(src/robomaster_ros/docker/humble/ep) by extension 'python'
[0.725s] Level 1:colcon.colcon_core.package_identification:_identify(src/robomaster_ros/docker/humble/ep) by extensions ['python_setup_py']
[0.725s] Level 1:colcon.colcon_core.package_identification:_identify(src/robomaster_ros/docker/humble/ep) by extension 'python_setup_py'
[0.725s] Level 1:colcon.colcon_core.package_identification:_identify(src/robomaster_ros/docker/humble/s1) by extensions ['ignore', 'ignore_ament_install']
[0.725s] Level 1:colcon.colcon_core.package_identification:_identify(src/robomaster_ros/docker/humble/s1) by extension 'ignore'
[0.725s] Level 1:colcon.colcon_core.package_identification:_identify(src/robomaster_ros/docker/humble/s1) by extension 'ignore_ament_install'
[0.725s] Level 1:colcon.colcon_core.package_identification:_identify(src/robomaster_ros/docker/humble/s1) by extensions ['colcon_pkg']
[0.725s] Level 1:colcon.colcon_core.package_identification:_identify(src/robomaster_ros/docker/humble/s1) by extension 'colcon_pkg'
[0.725s] Level 1:colcon.colcon_core.package_identification:_identify(src/robomaster_ros/docker/humble/s1) by extensions ['colcon_meta']
[0.726s] Level 1:colcon.colcon_core.package_identification:_identify(src/robomaster_ros/docker/humble/s1) by extension 'colcon_meta'
[0.726s] Level 1:colcon.colcon_core.package_identification:_identify(src/robomaster_ros/docker/humble/s1) by extensions ['ros']
[0.726s] Level 1:colcon.colcon_core.package_identification:_identify(src/robomaster_ros/docker/humble/s1) by extension 'ros'
[0.726s] Level 1:colcon.colcon_core.package_identification:_identify(src/robomaster_ros/docker/humble/s1) by extensions ['cmake', 'python']
[0.726s] Level 1:colcon.colcon_core.package_identification:_identify(src/robomaster_ros/docker/humble/s1) by extension 'cmake'
[0.726s] Level 1:colcon.colcon_core.package_identification:_identify(src/robomaster_ros/docker/humble/s1) by extension 'python'
[0.726s] Level 1:colcon.colcon_core.package_identification:_identify(src/robomaster_ros/docker/humble/s1) by extensions ['python_setup_py']
[0.726s] Level 1:colcon.colcon_core.package_identification:_identify(src/robomaster_ros/docker/humble/s1) by extension 'python_setup_py'
[0.726s] Level 1:colcon.colcon_core.package_identification:_identify(src/robomaster_ros/docker/iron) by extensions ['ignore', 'ignore_ament_install']
[0.726s] Level 1:colcon.colcon_core.package_identification:_identify(src/robomaster_ros/docker/iron) by extension 'ignore'
[0.726s] Level 1:colcon.colcon_core.package_identification:_identify(src/robomaster_ros/docker/iron) by extension 'ignore_ament_install'
[0.726s] Level 1:colcon.colcon_core.package_identification:_identify(src/robomaster_ros/docker/iron) by extensions ['colcon_pkg']
[0.726s] Level 1:colcon.colcon_core.package_identification:_identify(src/robomaster_ros/docker/iron) by extension 'colcon_pkg'
[0.726s] Level 1:colcon.colcon_core.package_identification:_identify(src/robomaster_ros/docker/iron) by extensions ['colcon_meta']
[0.726s] Level 1:colcon.colcon_core.package_identification:_identify(src/robomaster_ros/docker/iron) by extension 'colcon_meta'
[0.726s] Level 1:colcon.colcon_core.package_identification:_identify(src/robomaster_ros/docker/iron) by extensions ['ros']
[0.726s] Level 1:colcon.colcon_core.package_identification:_identify(src/robomaster_ros/docker/iron) by extension 'ros'
[0.726s] Level 1:colcon.colcon_core.package_identification:_identify(src/robomaster_ros/docker/iron) by extensions ['cmake', 'python']
[0.726s] Level 1:colcon.colcon_core.package_identification:_identify(src/robomaster_ros/docker/iron) by extension 'cmake'
[0.727s] Level 1:colcon.colcon_core.package_identification:_identify(src/robomaster_ros/docker/iron) by extension 'python'
[0.727s] Level 1:colcon.colcon_core.package_identification:_identify(src/robomaster_ros/docker/iron) by extensions ['python_setup_py']
[0.727s] Level 1:colcon.colcon_core.package_identification:_identify(src/robomaster_ros/docker/iron) by extension 'python_setup_py'
[0.727s] Level 1:colcon.colcon_core.package_identification:_identify(src/robomaster_ros/docker/iron/ep) by extensions ['ignore', 'ignore_ament_install']
[0.727s] Level 1:colcon.colcon_core.package_identification:_identify(src/robomaster_ros/docker/iron/ep) by extension 'ignore'
[0.727s] Level 1:colcon.colcon_core.package_identification:_identify(src/robomaster_ros/docker/iron/ep) by extension 'ignore_ament_install'
[0.727s] Level 1:colcon.colcon_core.package_identification:_identify(src/robomaster_ros/docker/iron/ep) by extensions ['colcon_pkg']
[0.727s] Level 1:colcon.colcon_core.package_identification:_identify(src/robomaster_ros/docker/iron/ep) by extension 'colcon_pkg'
[0.727s] Level 1:colcon.colcon_core.package_identification:_identify(src/robomaster_ros/docker/iron/ep) by extensions ['colcon_meta']
[0.727s] Level 1:colcon.colcon_core.package_identification:_identify(src/robomaster_ros/docker/iron/ep) by extension 'colcon_meta'
[0.727s] Level 1:colcon.colcon_core.package_identification:_identify(src/robomaster_ros/docker/iron/ep) by extensions ['ros']
[0.727s] Level 1:colcon.colcon_core.package_identification:_identify(src/robomaster_ros/docker/iron/ep) by extension 'ros'
[0.727s] Level 1:colcon.colcon_core.package_identification:_identify(src/robomaster_ros/docker/iron/ep) by extensions ['cmake', 'python']
[0.727s] Level 1:colcon.colcon_core.package_identification:_identify(src/robomaster_ros/docker/iron/ep) by extension 'cmake'
[0.727s] Level 1:colcon.colcon_core.package_identification:_identify(src/robomaster_ros/docker/iron/ep) by extension 'python'
[0.727s] Level 1:colcon.colcon_core.package_identification:_identify(src/robomaster_ros/docker/iron/ep) by extensions ['python_setup_py']
[0.728s] Level 1:colcon.colcon_core.package_identification:_identify(src/robomaster_ros/docker/iron/ep) by extension 'python_setup_py'
[0.728s] Level 1:colcon.colcon_core.package_identification:_identify(src/robomaster_ros/docker/iron/s1) by extensions ['ignore', 'ignore_ament_install']
[0.728s] Level 1:colcon.colcon_core.package_identification:_identify(src/robomaster_ros/docker/iron/s1) by extension 'ignore'
[0.728s] Level 1:colcon.colcon_core.package_identification:_identify(src/robomaster_ros/docker/iron/s1) by extension 'ignore_ament_install'
[0.728s] Level 1:colcon.colcon_core.package_identification:_identify(src/robomaster_ros/docker/iron/s1) by extensions ['colcon_pkg']
[0.728s] Level 1:colcon.colcon_core.package_identification:_identify(src/robomaster_ros/docker/iron/s1) by extension 'colcon_pkg'
[0.728s] Level 1:colcon.colcon_core.package_identification:_identify(src/robomaster_ros/docker/iron/s1) by extensions ['colcon_meta']
[0.728s] Level 1:colcon.colcon_core.package_identification:_identify(src/robomaster_ros/docker/iron/s1) by extension 'colcon_meta'
[0.728s] Level 1:colcon.colcon_core.package_identification:_identify(src/robomaster_ros/docker/iron/s1) by extensions ['ros']
[0.728s] Level 1:colcon.colcon_core.package_identification:_identify(src/robomaster_ros/docker/iron/s1) by extension 'ros'
[0.728s] Level 1:colcon.colcon_core.package_identification:_identify(src/robomaster_ros/docker/iron/s1) by extensions ['cmake', 'python']
[0.728s] Level 1:colcon.colcon_core.package_identification:_identify(src/robomaster_ros/docker/iron/s1) by extension 'cmake'
[0.728s] Level 1:colcon.colcon_core.package_identification:_identify(src/robomaster_ros/docker/iron/s1) by extension 'python'
[0.728s] Level 1:colcon.colcon_core.package_identification:_identify(src/robomaster_ros/docker/iron/s1) by extensions ['python_setup_py']
[0.728s] Level 1:colcon.colcon_core.package_identification:_identify(src/robomaster_ros/docker/iron/s1) by extension 'python_setup_py'
[0.729s] Level 1:colcon.colcon_core.package_identification:_identify(src/robomaster_ros/docs) by extensions ['ignore', 'ignore_ament_install']
[0.729s] Level 1:colcon.colcon_core.package_identification:_identify(src/robomaster_ros/docs) by extension 'ignore'
[0.729s] Level 1:colcon.colcon_core.package_identification:_identify(src/robomaster_ros/docs) by extension 'ignore_ament_install'
[0.729s] Level 1:colcon.colcon_core.package_identification:_identify(src/robomaster_ros/docs) by extensions ['colcon_pkg']
[0.729s] Level 1:colcon.colcon_core.package_identification:_identify(src/robomaster_ros/docs) by extension 'colcon_pkg'
[0.729s] Level 1:colcon.colcon_core.package_identification:_identify(src/robomaster_ros/docs) by extensions ['colcon_meta']
[0.729s] Level 1:colcon.colcon_core.package_identification:_identify(src/robomaster_ros/docs) by extension 'colcon_meta'
[0.729s] Level 1:colcon.colcon_core.package_identification:_identify(src/robomaster_ros/docs) by extensions ['ros']
[0.729s] Level 1:colcon.colcon_core.package_identification:_identify(src/robomaster_ros/docs) by extension 'ros'
[0.729s] Level 1:colcon.colcon_core.package_identification:_identify(src/robomaster_ros/docs) by extensions ['cmake', 'python']
[0.729s] Level 1:colcon.colcon_core.package_identification:_identify(src/robomaster_ros/docs) by extension 'cmake'
[0.729s] Level 1:colcon.colcon_core.package_identification:_identify(src/robomaster_ros/docs) by extension 'python'
[0.729s] Level 1:colcon.colcon_core.package_identification:_identify(src/robomaster_ros/docs) by extensions ['python_setup_py']
[0.729s] Level 1:colcon.colcon_core.package_identification:_identify(src/robomaster_ros/docs) by extension 'python_setup_py'
[0.729s] Level 1:colcon.colcon_core.package_identification:_identify(src/robomaster_ros/docs/robomaster_ros_modules) by extensions ['ignore', 'ignore_ament_install']
[0.729s] Level 1:colcon.colcon_core.package_identification:_identify(src/robomaster_ros/docs/robomaster_ros_modules) by extension 'ignore'
[0.730s] Level 1:colcon.colcon_core.package_identification:_identify(src/robomaster_ros/docs/robomaster_ros_modules) by extension 'ignore_ament_install'
[0.730s] Level 1:colcon.colcon_core.package_identification:_identify(src/robomaster_ros/docs/robomaster_ros_modules) by extensions ['colcon_pkg']
[0.730s] Level 1:colcon.colcon_core.package_identification:_identify(src/robomaster_ros/docs/robomaster_ros_modules) by extension 'colcon_pkg'
[0.730s] Level 1:colcon.colcon_core.package_identification:_identify(src/robomaster_ros/docs/robomaster_ros_modules) by extensions ['colcon_meta']
[0.730s] Level 1:colcon.colcon_core.package_identification:_identify(src/robomaster_ros/docs/robomaster_ros_modules) by extension 'colcon_meta'
[0.730s] Level 1:colcon.colcon_core.package_identification:_identify(src/robomaster_ros/docs/robomaster_ros_modules) by extensions ['ros']
[0.730s] Level 1:colcon.colcon_core.package_identification:_identify(src/robomaster_ros/docs/robomaster_ros_modules) by extension 'ros'
[0.730s] Level 1:colcon.colcon_core.package_identification:_identify(src/robomaster_ros/docs/robomaster_ros_modules) by extensions ['cmake', 'python']
[0.730s] Level 1:colcon.colcon_core.package_identification:_identify(src/robomaster_ros/docs/robomaster_ros_modules) by extension 'cmake'
[0.730s] Level 1:colcon.colcon_core.package_identification:_identify(src/robomaster_ros/docs/robomaster_ros_modules) by extension 'python'
[0.730s] Level 1:colcon.colcon_core.package_identification:_identify(src/robomaster_ros/docs/robomaster_ros_modules) by extensions ['python_setup_py']
[0.730s] Level 1:colcon.colcon_core.package_identification:_identify(src/robomaster_ros/docs/robomaster_ros_modules) by extension 'python_setup_py'
[0.730s] Level 1:colcon.colcon_core.package_identification:_identify(src/robomaster_ros/robomaster_description) by extensions ['ignore', 'ignore_ament_install']
[0.730s] Level 1:colcon.colcon_core.package_identification:_identify(src/robomaster_ros/robomaster_description) by extension 'ignore'
[0.730s] Level 1:colcon.colcon_core.package_identification:_identify(src/robomaster_ros/robomaster_description) by extension 'ignore_ament_install'
[0.730s] Level 1:colcon.colcon_core.package_identification:_identify(src/robomaster_ros/robomaster_description) by extensions ['colcon_pkg']
[0.730s] Level 1:colcon.colcon_core.package_identification:_identify(src/robomaster_ros/robomaster_description) by extension 'colcon_pkg'
[0.730s] Level 1:colcon.colcon_core.package_identification:_identify(src/robomaster_ros/robomaster_description) by extensions ['colcon_meta']
[0.730s] Level 1:colcon.colcon_core.package_identification:_identify(src/robomaster_ros/robomaster_description) by extension 'colcon_meta'
[0.731s] Level 1:colcon.colcon_core.package_identification:_identify(src/robomaster_ros/robomaster_description) by extensions ['ros']
[0.731s] Level 1:colcon.colcon_core.package_identification:_identify(src/robomaster_ros/robomaster_description) by extension 'ros'
[0.737s] DEBUG:colcon.colcon_core.package_identification:Package 'src/robomaster_ros/robomaster_description' with type 'ros.ament_cmake' and name 'robomaster_description'
[0.737s] Level 1:colcon.colcon_core.package_identification:_identify(src/robomaster_ros/robomaster_msgs) by extensions ['ignore', 'ignore_ament_install']
[0.737s] Level 1:colcon.colcon_core.package_identification:_identify(src/robomaster_ros/robomaster_msgs) by extension 'ignore'
[0.737s] Level 1:colcon.colcon_core.package_identification:_identify(src/robomaster_ros/robomaster_msgs) by extension 'ignore_ament_install'
[0.737s] Level 1:colcon.colcon_core.package_identification:_identify(src/robomaster_ros/robomaster_msgs) by extensions ['colcon_pkg']
[0.737s] Level 1:colcon.colcon_core.package_identification:_identify(src/robomaster_ros/robomaster_msgs) by extension 'colcon_pkg'
[0.737s] Level 1:colcon.colcon_core.package_identification:_identify(src/robomaster_ros/robomaster_msgs) by extensions ['colcon_meta']
[0.737s] Level 1:colcon.colcon_core.package_identification:_identify(src/robomaster_ros/robomaster_msgs) by extension 'colcon_meta'
[0.738s] Level 1:colcon.colcon_core.package_identification:_identify(src/robomaster_ros/robomaster_msgs) by extensions ['ros']
[0.738s] Level 1:colcon.colcon_core.package_identification:_identify(src/robomaster_ros/robomaster_msgs) by extension 'ros'
[0.738s] DEBUG:colcon.colcon_core.package_identification:Package 'src/robomaster_ros/robomaster_msgs' with type 'ros.ament_cmake' and name 'robomaster_msgs'
[0.738s] Level 1:colcon.colcon_core.package_identification:_identify(src/robomaster_ros/robomaster_ros) by extensions ['ignore', 'ignore_ament_install']
[0.738s] Level 1:colcon.colcon_core.package_identification:_identify(src/robomaster_ros/robomaster_ros) by extension 'ignore'
[0.739s] Level 1:colcon.colcon_core.package_identification:_identify(src/robomaster_ros/robomaster_ros) by extension 'ignore_ament_install'
[0.739s] Level 1:colcon.colcon_core.package_identification:_identify(src/robomaster_ros/robomaster_ros) by extensions ['colcon_pkg']
[0.739s] Level 1:colcon.colcon_core.package_identification:_identify(src/robomaster_ros/robomaster_ros) by extension 'colcon_pkg'
[0.739s] Level 1:colcon.colcon_core.package_identification:_identify(src/robomaster_ros/robomaster_ros) by extensions ['colcon_meta']
[0.739s] Level 1:colcon.colcon_core.package_identification:_identify(src/robomaster_ros/robomaster_ros) by extension 'colcon_meta'
[0.739s] Level 1:colcon.colcon_core.package_identification:_identify(src/robomaster_ros/robomaster_ros) by extensions ['ros']
[0.739s] Level 1:colcon.colcon_core.package_identification:_identify(src/robomaster_ros/robomaster_ros) by extension 'ros'
[0.739s] DEBUG:colcon.colcon_core.package_identification:Package 'src/robomaster_ros/robomaster_ros' with type 'ros.ament_python' and name 'robomaster_ros'
[0.739s] Level 1:colcon.colcon_core.package_discovery:discover_packages(recursive) using defaults
[0.740s] Level 1:colcon.colcon_core.package_discovery:discover_packages(ignore) discover
[0.740s] Level 1:colcon.colcon_core.package_discovery:discover_packages(ignore) using defaults
[0.740s] Level 1:colcon.colcon_core.package_discovery:discover_packages(path) discover
[0.740s] Level 1:colcon.colcon_core.package_discovery:discover_packages(path) using defaults
[0.790s] Level 1:colcon.colcon_core.package_discovery:discover_packages(prefix_path) check parameters
[0.790s] Level 1:colcon.colcon_core.package_discovery:discover_packages(prefix_path) discover
[0.796s] DEBUG:colcon.colcon_installed_package_information.package_discovery:Found 282 installed packages in /opt/ros/humble
[0.798s] Level 1:colcon.colcon_core.package_discovery:discover_packages(prefix_path) using defaults
[0.845s] Level 5:colcon.colcon_core.verb:set package 'robomaster_description' build argument 'cmake_args' from command line to 'None'
[0.846s] Level 5:colcon.colcon_core.verb:set package 'robomaster_description' build argument 'cmake_target' from command line to 'None'
[0.846s] Level 5:colcon.colcon_core.verb:set package 'robomaster_description' build argument 'cmake_target_skip_unavailable' from command line to 'False'
[0.846s] Level 5:colcon.colcon_core.verb:set package 'robomaster_description' build argument 'cmake_clean_cache' from command line to 'False'
[0.846s] Level 5:colcon.colcon_core.verb:set package 'robomaster_description' build argument 'cmake_clean_first' from command line to 'False'
[0.846s] Level 5:colcon.colcon_core.verb:set package 'robomaster_description' build argument 'cmake_force_configure' from command line to 'False'
[0.846s] Level 5:colcon.colcon_core.verb:set package 'robomaster_description' build argument 'ament_cmake_args' from command line to 'None'
[0.846s] Level 5:colcon.colcon_core.verb:set package 'robomaster_description' build argument 'catkin_cmake_args' from command line to 'None'
[0.846s] Level 5:colcon.colcon_core.verb:set package 'robomaster_description' build argument 'catkin_skip_building_tests' from command line to 'False'
[0.846s] DEBUG:colcon.colcon_core.verb:Building package 'robomaster_description' with the following arguments: {'ament_cmake_args': None, 'build_base': '/home/while/robomaster_ws/build/robomaster_description', 'catkin_cmake_args': None, 'catkin_skip_building_tests': False, 'cmake_args': None, 'cmake_clean_cache': False, 'cmake_clean_first': False, 'cmake_force_configure': False, 'cmake_target': None, 'cmake_target_skip_unavailable': False, 'install_base': '/home/while/robomaster_ws/install/robomaster_description', 'merge_install': False, 'path': '/home/while/robomaster_ws/src/robomaster_ros/robomaster_description', 'symlink_install': False, 'test_result_base': None}
[0.846s] Level 5:colcon.colcon_core.verb:set package 'robomaster_msgs' build argument 'cmake_args' from command line to 'None'
[0.846s] Level 5:colcon.colcon_core.verb:set package 'robomaster_msgs' build argument 'cmake_target' from command line to 'None'
[0.846s] Level 5:colcon.colcon_core.verb:set package 'robomaster_msgs' build argument 'cmake_target_skip_unavailable' from command line to 'False'
[0.846s] Level 5:colcon.colcon_core.verb:set package 'robomaster_msgs' build argument 'cmake_clean_cache' from command line to 'False'
[0.846s] Level 5:colcon.colcon_core.verb:set package 'robomaster_msgs' build argument 'cmake_clean_first' from command line to 'False'
[0.846s] Level 5:colcon.colcon_core.verb:set package 'robomaster_msgs' build argument 'cmake_force_configure' from command line to 'False'
[0.846s] Level 5:colcon.colcon_core.verb:set package 'robomaster_msgs' build argument 'ament_cmake_args' from command line to 'None'
[0.846s] Level 5:colcon.colcon_core.verb:set package 'robomaster_msgs' build argument 'catkin_cmake_args' from command line to 'None'
[0.846s] Level 5:colcon.colcon_core.verb:set package 'robomaster_msgs' build argument 'catkin_skip_building_tests' from command line to 'False'
[0.846s] DEBUG:colcon.colcon_core.verb:Building package 'robomaster_msgs' with the following arguments: {'ament_cmake_args': None, 'build_base': '/home/while/robomaster_ws/build/robomaster_msgs', 'catkin_cmake_args': None, 'catkin_skip_building_tests': False, 'cmake_args': None, 'cmake_clean_cache': False, 'cmake_clean_first': False, 'cmake_force_configure': False, 'cmake_target': None, 'cmake_target_skip_unavailable': False, 'install_base': '/home/while/robomaster_ws/install/robomaster_msgs', 'merge_install': False, 'path': '/home/while/robomaster_ws/src/robomaster_ros/robomaster_msgs', 'symlink_install': False, 'test_result_base': None}
[0.847s] Level 5:colcon.colcon_core.verb:set package 'robomaster_ros' build argument 'cmake_args' from command line to 'None'
[0.847s] Level 5:colcon.colcon_core.verb:set package 'robomaster_ros' build argument 'cmake_target' from command line to 'None'
[0.847s] Level 5:colcon.colcon_core.verb:set package 'robomaster_ros' build argument 'cmake_target_skip_unavailable' from command line to 'False'
[0.847s] Level 5:colcon.colcon_core.verb:set package 'robomaster_ros' build argument 'cmake_clean_cache' from command line to 'False'
[0.847s] Level 5:colcon.colcon_core.verb:set package 'robomaster_ros' build argument 'cmake_clean_first' from command line to 'False'
[0.847s] Level 5:colcon.colcon_core.verb:set package 'robomaster_ros' build argument 'cmake_force_configure' from command line to 'False'
[0.847s] Level 5:colcon.colcon_core.verb:set package 'robomaster_ros' build argument 'ament_cmake_args' from command line to 'None'
[0.847s] Level 5:colcon.colcon_core.verb:set package 'robomaster_ros' build argument 'catkin_cmake_args' from command line to 'None'
[0.847s] Level 5:colcon.colcon_core.verb:set package 'robomaster_ros' build argument 'catkin_skip_building_tests' from command line to 'False'
[0.847s] DEBUG:colcon.colcon_core.verb:Building package 'robomaster_ros' with the following arguments: {'ament_cmake_args': None, 'build_base': '/home/while/robomaster_ws/build/robomaster_ros', 'catkin_cmake_args': None, 'catkin_skip_building_tests': False, 'cmake_args': None, 'cmake_clean_cache': False, 'cmake_clean_first': False, 'cmake_force_configure': False, 'cmake_target': None, 'cmake_target_skip_unavailable': False, 'install_base': '/home/while/robomaster_ws/install/robomaster_ros', 'merge_install': False, 'path': '/home/while/robomaster_ws/src/robomaster_ros/robomaster_ros', 'symlink_install': False, 'test_result_base': None}
[0.847s] INFO:colcon.colcon_core.executor:Executing jobs using 'parallel' executor
[0.848s] DEBUG:colcon.colcon_parallel_executor.executor.parallel:run_until_complete
[0.849s] INFO:colcon.colcon_ros.task.ament_cmake.build:Building ROS package in '/home/while/robomaster_ws/src/robomaster_ros/robomaster_msgs' with build type 'ament_cmake'
[0.849s] INFO:colcon.colcon_cmake.task.cmake.build:Building CMake package in '/home/while/robomaster_ws/src/robomaster_ros/robomaster_msgs'
[0.858s] INFO:colcon.colcon_core.plugin_system:Skipping extension 'colcon_core.shell.bat': Not used on non-Windows systems
[0.858s] INFO:colcon.colcon_core.shell:Skip shell extension 'powershell' for command environment: Not usable outside of PowerShell
[0.858s] DEBUG:colcon.colcon_core.shell:Skip shell extension 'dsv' for command environment
[0.863s] INFO:colcon.colcon_ros.task.ament_cmake.build:Building ROS package in '/home/while/robomaster_ws/src/robomaster_ros/robomaster_description' with build type 'ament_cmake'
[0.863s] INFO:colcon.colcon_cmake.task.cmake.build:Building CMake package in '/home/while/robomaster_ws/src/robomaster_ros/robomaster_description'
[0.863s] INFO:colcon.colcon_core.shell:Skip shell extension 'powershell' for command environment: Not usable outside of PowerShell
[0.863s] DEBUG:colcon.colcon_core.shell:Skip shell extension 'dsv' for command environment
[0.871s] DEBUG:colcon.colcon_core.event_handler.log_command:Invoking command in '/home/while/robomaster_ws/build/robomaster_msgs': CMAKE_PREFIX_PATH=/opt/ros/humble /usr/bin/cmake /home/while/robomaster_ws/src/robomaster_ros/robomaster_msgs -DCMAKE_INSTALL_PREFIX=/home/while/robomaster_ws/install/robomaster_msgs
[0.883s] DEBUG:colcon.colcon_core.event_handler.log_command:Invoking command in '/home/while/robomaster_ws/build/robomaster_description': CMAKE_PREFIX_PATH=/opt/ros/humble /usr/bin/cmake /home/while/robomaster_ws/src/robomaster_ros/robomaster_description -DCMAKE_INSTALL_PREFIX=/home/while/robomaster_ws/install/robomaster_description
[4.785s] DEBUG:colcon.colcon_core.event_handler.log_command:Invoked command in '/home/while/robomaster_ws/build/robomaster_description' returned '0': CMAKE_PREFIX_PATH=/opt/ros/humble /usr/bin/cmake /home/while/robomaster_ws/src/robomaster_ros/robomaster_description -DCMAKE_INSTALL_PREFIX=/home/while/robomaster_ws/install/robomaster_description
[4.785s] DEBUG:colcon.colcon_core.event_handler.log_command:Invoking command in '/home/while/robomaster_ws/build/robomaster_description': CMAKE_PREFIX_PATH=/opt/ros/humble /usr/bin/cmake --build /home/while/robomaster_ws/build/robomaster_description -- -j16 -l16
[4.824s] DEBUG:colcon.colcon_core.event_handler.log_command:Invoked command in '/home/while/robomaster_ws/build/robomaster_description' returned '0': CMAKE_PREFIX_PATH=/opt/ros/humble /usr/bin/cmake --build /home/while/robomaster_ws/build/robomaster_description -- -j16 -l16
[4.835s] DEBUG:colcon.colcon_core.event_handler.log_command:Invoking command in '/home/while/robomaster_ws/build/robomaster_description': CMAKE_PREFIX_PATH=/opt/ros/humble /usr/bin/cmake --install /home/while/robomaster_ws/build/robomaster_description
[4.883s] Level 1:colcon.colcon_core.environment:create_environment_scripts_only(robomaster_description)
[4.884s] DEBUG:colcon.colcon_core.event_handler.log_command:Invoked command in '/home/while/robomaster_ws/build/robomaster_description' returned '0': CMAKE_PREFIX_PATH=/opt/ros/humble /usr/bin/cmake --install /home/while/robomaster_ws/build/robomaster_description
[4.891s] Level 1:colcon.colcon_core.environment:checking '/home/while/robomaster_ws/install/robomaster_description' for CMake module files
[4.891s] Level 1:colcon.colcon_core.environment:checking '/home/while/robomaster_ws/install/robomaster_description' for CMake config files
[4.892s] Level 1:colcon.colcon_core.shell:create_environment_hook('robomaster_description', 'cmake_prefix_path')
[4.892s] INFO:colcon.colcon_core.shell:Creating environment hook '/home/while/robomaster_ws/install/robomaster_description/share/robomaster_description/hook/cmake_prefix_path.ps1'
[4.893s] INFO:colcon.colcon_core.shell:Creating environment descriptor '/home/while/robomaster_ws/install/robomaster_description/share/robomaster_description/hook/cmake_prefix_path.dsv'
[4.894s] INFO:colcon.colcon_core.shell:Creating environment hook '/home/while/robomaster_ws/install/robomaster_description/share/robomaster_description/hook/cmake_prefix_path.sh'
[4.895s] Level 1:colcon.colcon_core.environment:checking '/home/while/robomaster_ws/install/robomaster_description/bin'
[4.895s] Level 1:colcon.colcon_core.environment:checking '/home/while/robomaster_ws/install/robomaster_description/lib/pkgconfig/robomaster_description.pc'
[4.896s] Level 1:colcon.colcon_core.environment:checking '/home/while/robomaster_ws/install/robomaster_description/lib/python3.10/site-packages'
[4.896s] Level 1:colcon.colcon_core.environment:checking '/home/while/robomaster_ws/install/robomaster_description/bin'
[4.896s] INFO:colcon.colcon_core.shell:Creating package script '/home/while/robomaster_ws/install/robomaster_description/share/robomaster_description/package.ps1'
[4.898s] INFO:colcon.colcon_core.shell:Creating package descriptor '/home/while/robomaster_ws/install/robomaster_description/share/robomaster_description/package.dsv'
[4.899s] INFO:colcon.colcon_core.shell:Creating package script '/home/while/robomaster_ws/install/robomaster_description/share/robomaster_description/package.sh'
[4.900s] INFO:colcon.colcon_core.shell:Creating package script '/home/while/robomaster_ws/install/robomaster_description/share/robomaster_description/package.bash'
[4.901s] INFO:colcon.colcon_core.shell:Creating package script '/home/while/robomaster_ws/install/robomaster_description/share/robomaster_description/package.zsh'
[4.902s] Level 1:colcon.colcon_core.environment:create_file_with_runtime_dependencies(/home/while/robomaster_ws/install/robomaster_description/share/colcon-core/packages/robomaster_description)
[4.903s] Level 1:colcon.colcon_core.environment:create_environment_scripts_only(robomaster_description)
[4.904s] Level 1:colcon.colcon_core.environment:checking '/home/while/robomaster_ws/install/robomaster_description' for CMake module files
[4.904s] Level 1:colcon.colcon_core.environment:checking '/home/while/robomaster_ws/install/robomaster_description' for CMake config files
[4.905s] Level 1:colcon.colcon_core.shell:create_environment_hook('robomaster_description', 'cmake_prefix_path')
[4.905s] INFO:colcon.colcon_core.shell:Creating environment hook '/home/while/robomaster_ws/install/robomaster_description/share/robomaster_description/hook/cmake_prefix_path.ps1'
[4.905s] INFO:colcon.colcon_core.shell:Creating environment descriptor '/home/while/robomaster_ws/install/robomaster_description/share/robomaster_description/hook/cmake_prefix_path.dsv'
[4.906s] INFO:colcon.colcon_core.shell:Creating environment hook '/home/while/robomaster_ws/install/robomaster_description/share/robomaster_description/hook/cmake_prefix_path.sh'
[4.906s] Level 1:colcon.colcon_core.environment:checking '/home/while/robomaster_ws/install/robomaster_description/bin'
[4.906s] Level 1:colcon.colcon_core.environment:checking '/home/while/robomaster_ws/install/robomaster_description/lib/pkgconfig/robomaster_description.pc'
[4.906s] Level 1:colcon.colcon_core.environment:checking '/home/while/robomaster_ws/install/robomaster_description/lib/python3.10/site-packages'
[4.907s] Level 1:colcon.colcon_core.environment:checking '/home/while/robomaster_ws/install/robomaster_description/bin'
[4.907s] INFO:colcon.colcon_core.shell:Creating package script '/home/while/robomaster_ws/install/robomaster_description/share/robomaster_description/package.ps1'
[4.908s] INFO:colcon.colcon_core.shell:Creating package descriptor '/home/while/robomaster_ws/install/robomaster_description/share/robomaster_description/package.dsv'
[4.908s] INFO:colcon.colcon_core.shell:Creating package script '/home/while/robomaster_ws/install/robomaster_description/share/robomaster_description/package.sh'
[4.909s] INFO:colcon.colcon_core.shell:Creating package script '/home/while/robomaster_ws/install/robomaster_description/share/robomaster_description/package.bash'
[4.909s] INFO:colcon.colcon_core.shell:Creating package script '/home/while/robomaster_ws/install/robomaster_description/share/robomaster_description/package.zsh'
[4.910s] Level 1:colcon.colcon_core.environment:create_file_with_runtime_dependencies(/home/while/robomaster_ws/install/robomaster_description/share/colcon-core/packages/robomaster_description)
[9.747s] DEBUG:colcon.colcon_core.event_handler.log_command:Invoked command in '/home/while/robomaster_ws/build/robomaster_msgs' returned '0': CMAKE_PREFIX_PATH=/opt/ros/humble /usr/bin/cmake /home/while/robomaster_ws/src/robomaster_ros/robomaster_msgs -DCMAKE_INSTALL_PREFIX=/home/while/robomaster_ws/install/robomaster_msgs
[9.749s] DEBUG:colcon.colcon_core.event_handler.log_command:Invoking command in '/home/while/robomaster_ws/build/robomaster_msgs': CMAKE_PREFIX_PATH=/opt/ros/humble /usr/bin/cmake --build /home/while/robomaster_ws/build/robomaster_msgs -- -j16 -l16
[47.695s] DEBUG:colcon.colcon_core.event_handler.log_command:Invoked command in '/home/while/robomaster_ws/build/robomaster_msgs' returned '0': CMAKE_PREFIX_PATH=/opt/ros/humble /usr/bin/cmake --build /home/while/robomaster_ws/build/robomaster_msgs -- -j16 -l16
[47.698s] DEBUG:colcon.colcon_core.event_handler.log_command:Invoking command in '/home/while/robomaster_ws/build/robomaster_msgs': CMAKE_PREFIX_PATH=/opt/ros/humble /usr/bin/cmake --install /home/while/robomaster_ws/build/robomaster_msgs
[48.013s] Level 1:colcon.colcon_core.environment:create_environment_scripts_only(robomaster_msgs)
[48.014s] Level 1:colcon.colcon_core.environment:checking '/home/while/robomaster_ws/install/robomaster_msgs' for CMake module files
[48.014s] DEBUG:colcon.colcon_core.event_handler.log_command:Invoked command in '/home/while/robomaster_ws/build/robomaster_msgs' returned '0': CMAKE_PREFIX_PATH=/opt/ros/humble /usr/bin/cmake --install /home/while/robomaster_ws/build/robomaster_msgs
[48.015s] Level 1:colcon.colcon_core.environment:checking '/home/while/robomaster_ws/install/robomaster_msgs' for CMake config files
[48.016s] Level 1:colcon.colcon_core.shell:create_environment_hook('robomaster_msgs', 'cmake_prefix_path')
[48.016s] INFO:colcon.colcon_core.shell:Creating environment hook '/home/while/robomaster_ws/install/robomaster_msgs/share/robomaster_msgs/hook/cmake_prefix_path.ps1'
[48.017s] INFO:colcon.colcon_core.shell:Creating environment descriptor '/home/while/robomaster_ws/install/robomaster_msgs/share/robomaster_msgs/hook/cmake_prefix_path.dsv'
[48.017s] INFO:colcon.colcon_core.shell:Creating environment hook '/home/while/robomaster_ws/install/robomaster_msgs/share/robomaster_msgs/hook/cmake_prefix_path.sh'
[48.018s] Level 1:colcon.colcon_core.environment:checking '/home/while/robomaster_ws/install/robomaster_msgs/lib'
[48.018s] Level 1:colcon.colcon_core.shell:create_environment_hook('robomaster_msgs', 'ld_library_path_lib')
[48.018s] INFO:colcon.colcon_core.shell:Creating environment hook '/home/while/robomaster_ws/install/robomaster_msgs/share/robomaster_msgs/hook/ld_library_path_lib.ps1'
[48.019s] INFO:colcon.colcon_core.shell:Creating environment descriptor '/home/while/robomaster_ws/install/robomaster_msgs/share/robomaster_msgs/hook/ld_library_path_lib.dsv'
[48.019s] INFO:colcon.colcon_core.shell:Creating environment hook '/home/while/robomaster_ws/install/robomaster_msgs/share/robomaster_msgs/hook/ld_library_path_lib.sh'
[48.019s] Level 1:colcon.colcon_core.environment:checking '/home/while/robomaster_ws/install/robomaster_msgs/bin'
[48.019s] Level 1:colcon.colcon_core.environment:checking '/home/while/robomaster_ws/install/robomaster_msgs/lib/pkgconfig/robomaster_msgs.pc'
[48.020s] Level 1:colcon.colcon_core.environment:checking '/home/while/robomaster_ws/install/robomaster_msgs/lib/python3.10/site-packages'
[48.020s] Level 1:colcon.colcon_core.environment:checking '/home/while/robomaster_ws/install/robomaster_msgs/bin'
[48.021s] INFO:colcon.colcon_core.shell:Creating package script '/home/while/robomaster_ws/install/robomaster_msgs/share/robomaster_msgs/package.ps1'
[48.021s] INFO:colcon.colcon_core.shell:Creating package descriptor '/home/while/robomaster_ws/install/robomaster_msgs/share/robomaster_msgs/package.dsv'
[48.022s] INFO:colcon.colcon_core.shell:Creating package script '/home/while/robomaster_ws/install/robomaster_msgs/share/robomaster_msgs/package.sh'
[48.022s] INFO:colcon.colcon_core.shell:Creating package script '/home/while/robomaster_ws/install/robomaster_msgs/share/robomaster_msgs/package.bash'
[48.022s] INFO:colcon.colcon_core.shell:Creating package script '/home/while/robomaster_ws/install/robomaster_msgs/share/robomaster_msgs/package.zsh'
[48.023s] Level 1:colcon.colcon_core.environment:create_file_with_runtime_dependencies(/home/while/robomaster_ws/install/robomaster_msgs/share/colcon-core/packages/robomaster_msgs)
[48.024s] Level 1:colcon.colcon_core.environment:create_environment_scripts_only(robomaster_msgs)
[48.024s] Level 1:colcon.colcon_core.environment:checking '/home/while/robomaster_ws/install/robomaster_msgs' for CMake module files
[48.025s] Level 1:colcon.colcon_core.environment:checking '/home/while/robomaster_ws/install/robomaster_msgs' for CMake config files
[48.025s] Level 1:colcon.colcon_core.shell:create_environment_hook('robomaster_msgs', 'cmake_prefix_path')
[48.026s] INFO:colcon.colcon_core.shell:Creating environment hook '/home/while/robomaster_ws/install/robomaster_msgs/share/robomaster_msgs/hook/cmake_prefix_path.ps1'
[48.026s] INFO:colcon.colcon_core.shell:Creating environment descriptor '/home/while/robomaster_ws/install/robomaster_msgs/share/robomaster_msgs/hook/cmake_prefix_path.dsv'
[48.026s] INFO:colcon.colcon_core.shell:Creating environment hook '/home/while/robomaster_ws/install/robomaster_msgs/share/robomaster_msgs/hook/cmake_prefix_path.sh'
[48.027s] Level 1:colcon.colcon_core.environment:checking '/home/while/robomaster_ws/install/robomaster_msgs/lib'
[48.027s] Level 1:colcon.colcon_core.shell:create_environment_hook('robomaster_msgs', 'ld_library_path_lib')
[48.027s] INFO:colcon.colcon_core.shell:Creating environment hook '/home/while/robomaster_ws/install/robomaster_msgs/share/robomaster_msgs/hook/ld_library_path_lib.ps1'
[48.028s] INFO:colcon.colcon_core.shell:Creating environment descriptor '/home/while/robomaster_ws/install/robomaster_msgs/share/robomaster_msgs/hook/ld_library_path_lib.dsv'
[48.028s] INFO:colcon.colcon_core.shell:Creating environment hook '/home/while/robomaster_ws/install/robomaster_msgs/share/robomaster_msgs/hook/ld_library_path_lib.sh'
[48.029s] Level 1:colcon.colcon_core.environment:checking '/home/while/robomaster_ws/install/robomaster_msgs/bin'
[48.029s] Level 1:colcon.colcon_core.environment:checking '/home/while/robomaster_ws/install/robomaster_msgs/lib/pkgconfig/robomaster_msgs.pc'
[48.029s] Level 1:colcon.colcon_core.environment:checking '/home/while/robomaster_ws/install/robomaster_msgs/lib/python3.10/site-packages'
[48.029s] Level 1:colcon.colcon_core.environment:checking '/home/while/robomaster_ws/install/robomaster_msgs/bin'
[48.030s] INFO:colcon.colcon_core.shell:Creating package script '/home/while/robomaster_ws/install/robomaster_msgs/share/robomaster_msgs/package.ps1'
[48.030s] INFO:colcon.colcon_core.shell:Creating package descriptor '/home/while/robomaster_ws/install/robomaster_msgs/share/robomaster_msgs/package.dsv'
[48.031s] INFO:colcon.colcon_core.shell:Creating package script '/home/while/robomaster_ws/install/robomaster_msgs/share/robomaster_msgs/package.sh'
[48.031s] INFO:colcon.colcon_core.shell:Creating package script '/home/while/robomaster_ws/install/robomaster_msgs/share/robomaster_msgs/package.bash'
[48.032s] INFO:colcon.colcon_core.shell:Creating package script '/home/while/robomaster_ws/install/robomaster_msgs/share/robomaster_msgs/package.zsh'
[48.032s] Level 1:colcon.colcon_core.environment:create_file_with_runtime_dependencies(/home/while/robomaster_ws/install/robomaster_msgs/share/colcon-core/packages/robomaster_msgs)
[48.033s] INFO:colcon.colcon_ros.task.ament_python.build:Building ROS package in '/home/while/robomaster_ws/src/robomaster_ros/robomaster_ros' with build type 'ament_python'
[48.033s] Level 1:colcon.colcon_core.shell:create_environment_hook('robomaster_ros', 'ament_prefix_path')
[48.033s] INFO:colcon.colcon_core.shell:Creating environment hook '/home/while/robomaster_ws/install/robomaster_ros/share/robomaster_ros/hook/ament_prefix_path.ps1'
[48.034s] INFO:colcon.colcon_core.shell:Creating environment descriptor '/home/while/robomaster_ws/install/robomaster_ros/share/robomaster_ros/hook/ament_prefix_path.dsv'
[48.035s] INFO:colcon.colcon_core.shell:Creating environment hook '/home/while/robomaster_ws/install/robomaster_ros/share/robomaster_ros/hook/ament_prefix_path.sh'
[48.035s] INFO:colcon.colcon_core.shell:Skip shell extension 'powershell' for command environment: Not usable outside of PowerShell
[48.035s] DEBUG:colcon.colcon_core.shell:Skip shell extension 'dsv' for command environment
[48.533s] INFO:colcon.colcon_core.task.python.build:Building Python package in '/home/while/robomaster_ws/src/robomaster_ros/robomaster_ros'
[48.534s] INFO:colcon.colcon_core.shell:Skip shell extension 'powershell' for command environment: Not usable outside of PowerShell
[48.534s] DEBUG:colcon.colcon_core.shell:Skip shell extension 'dsv' for command environment
[49.540s] DEBUG:colcon.colcon_core.event_handler.log_command:Invoking command in '/home/while/robomaster_ws/src/robomaster_ros/robomaster_ros': AMENT_PREFIX_PATH=/home/while/robomaster_ws/install/robomaster_msgs:${AMENT_PREFIX_PATH} CMAKE_PREFIX_PATH=/home/while/robomaster_ws/install/robomaster_msgs LD_LIBRARY_PATH=/home/while/robomaster_ws/install/robomaster_msgs/lib:${LD_LIBRARY_PATH} PYTHONPATH=/home/while/robomaster_ws/build/robomaster_ros/prefix_override:/usr/lib/python3/dist-packages/colcon_core/task/python/colcon_distutils_commands:/home/while/robomaster_ws/install/robomaster_ros/lib/python3.10/site-packages:/home/while/robomaster_ws/install/robomaster_msgs/local/lib/python3.10/dist-packages:${PYTHONPATH} /usr/bin/python3 -W ignore:setup.py install is deprecated -W ignore:easy_install command is deprecated setup.py egg_info --egg-base ../../../build/robomaster_ros build --build-base /home/while/robomaster_ws/build/robomaster_ros/build install --record /home/while/robomaster_ws/build/robomaster_ros/install.log --single-version-externally-managed install_data
[50.049s] Level 1:colcon.colcon_core.environment:checking '/home/while/robomaster_ws/install/robomaster_ros' for CMake module files
[50.050s] DEBUG:colcon.colcon_core.event_handler.log_command:Invoked command in '/home/while/robomaster_ws/src/robomaster_ros/robomaster_ros' returned '0': AMENT_PREFIX_PATH=/home/while/robomaster_ws/install/robomaster_msgs:${AMENT_PREFIX_PATH} CMAKE_PREFIX_PATH=/home/while/robomaster_ws/install/robomaster_msgs LD_LIBRARY_PATH=/home/while/robomaster_ws/install/robomaster_msgs/lib:${LD_LIBRARY_PATH} PYTHONPATH=/home/while/robomaster_ws/build/robomaster_ros/prefix_override:/usr/lib/python3/dist-packages/colcon_core/task/python/colcon_distutils_commands:/home/while/robomaster_ws/install/robomaster_ros/lib/python3.10/site-packages:/home/while/robomaster_ws/install/robomaster_msgs/local/lib/python3.10/dist-packages:${PYTHONPATH} /usr/bin/python3 -W ignore:setup.py install is deprecated -W ignore:easy_install command is deprecated setup.py egg_info --egg-base ../../../build/robomaster_ros build --build-base /home/while/robomaster_ws/build/robomaster_ros/build install --record /home/while/robomaster_ws/build/robomaster_ros/install.log --single-version-externally-managed install_data
[50.051s] Level 1:colcon.colcon_core.environment:checking '/home/while/robomaster_ws/install/robomaster_ros' for CMake config files
[50.051s] Level 1:colcon.colcon_core.environment:checking '/home/while/robomaster_ws/install/robomaster_ros/lib'
[50.052s] Level 1:colcon.colcon_core.environment:checking '/home/while/robomaster_ws/install/robomaster_ros/bin'
[50.052s] Level 1:colcon.colcon_core.environment:checking '/home/while/robomaster_ws/install/robomaster_ros/lib/pkgconfig/robomaster_ros.pc'
[50.052s] Level 1:colcon.colcon_core.environment:checking '/home/while/robomaster_ws/install/robomaster_ros/lib/python3.10/site-packages'
[50.052s] Level 1:colcon.colcon_core.shell:create_environment_hook('robomaster_ros', 'pythonpath')
[50.052s] INFO:colcon.colcon_core.shell:Creating environment hook '/home/while/robomaster_ws/install/robomaster_ros/share/robomaster_ros/hook/pythonpath.ps1'
[50.053s] INFO:colcon.colcon_core.shell:Creating environment descriptor '/home/while/robomaster_ws/install/robomaster_ros/share/robomaster_ros/hook/pythonpath.dsv'
[50.053s] INFO:colcon.colcon_core.shell:Creating environment hook '/home/while/robomaster_ws/install/robomaster_ros/share/robomaster_ros/hook/pythonpath.sh'
[50.054s] Level 1:colcon.colcon_core.environment:checking '/home/while/robomaster_ws/install/robomaster_ros/bin'
[50.054s] Level 1:colcon.colcon_core.environment:create_environment_scripts_only(robomaster_ros)
[50.054s] INFO:colcon.colcon_core.shell:Creating package script '/home/while/robomaster_ws/install/robomaster_ros/share/robomaster_ros/package.ps1'
[50.055s] INFO:colcon.colcon_core.shell:Creating package descriptor '/home/while/robomaster_ws/install/robomaster_ros/share/robomaster_ros/package.dsv'
[50.055s] INFO:colcon.colcon_core.shell:Creating package script '/home/while/robomaster_ws/install/robomaster_ros/share/robomaster_ros/package.sh'
[50.056s] INFO:colcon.colcon_core.shell:Creating package script '/home/while/robomaster_ws/install/robomaster_ros/share/robomaster_ros/package.bash'
[50.056s] INFO:colcon.colcon_core.shell:Creating package script '/home/while/robomaster_ws/install/robomaster_ros/share/robomaster_ros/package.zsh'
[50.057s] Level 1:colcon.colcon_core.environment:create_file_with_runtime_dependencies(/home/while/robomaster_ws/install/robomaster_ros/share/colcon-core/packages/robomaster_ros)
[50.058s] DEBUG:colcon.colcon_parallel_executor.executor.parallel:closing loop
[50.058s] DEBUG:colcon.colcon_parallel_executor.executor.parallel:loop closed
[50.058s] DEBUG:colcon.colcon_parallel_executor.executor.parallel:run_until_complete finished with '0'
[50.058s] DEBUG:colcon.colcon_core.event_reactor:joining thread
[50.078s] INFO:colcon.colcon_core.plugin_system:Skipping extension 'colcon_notification.desktop_notification.terminal_notifier': Not used on non-Darwin systems
[50.078s] INFO:colcon.colcon_core.plugin_system:Skipping extension 'colcon_notification.desktop_notification.win32': Not used on non-Windows systems
[50.078s] INFO:colcon.colcon_notification.desktop_notification:Sending desktop notification using 'notify2'
[50.078s] DEBUG:colcon.colcon_notification.desktop_notification.notify2:Failed to initialize notify2: org.freedesktop.DBus.Error.FileNotFound: Failed to connect to socket /run/user/1000/bus: No such file or directory
[50.078s] DEBUG:colcon.colcon_core.event_reactor:joined thread
[50.079s] INFO:colcon.colcon_core.shell:Creating prefix script '/home/while/robomaster_ws/install/local_setup.ps1'
[50.080s] INFO:colcon.colcon_core.shell:Creating prefix util module '/home/while/robomaster_ws/install/_local_setup_util_ps1.py'
[50.083s] INFO:colcon.colcon_core.shell:Creating prefix chain script '/home/while/robomaster_ws/install/setup.ps1'
[50.085s] INFO:colcon.colcon_core.shell:Creating prefix script '/home/while/robomaster_ws/install/local_setup.sh'
[50.086s] INFO:colcon.colcon_core.shell:Creating prefix util module '/home/while/robomaster_ws/install/_local_setup_util_sh.py'
[50.087s] INFO:colcon.colcon_core.shell:Creating prefix chain script '/home/while/robomaster_ws/install/setup.sh'
[50.088s] INFO:colcon.colcon_core.shell:Creating prefix script '/home/while/robomaster_ws/install/local_setup.bash'
[50.089s] INFO:colcon.colcon_core.shell:Creating prefix chain script '/home/while/robomaster_ws/install/setup.bash'
[50.091s] INFO:colcon.colcon_core.shell:Creating prefix script '/home/while/robomaster_ws/install/local_setup.zsh'
[50.092s] INFO:colcon.colcon_core.shell:Creating prefix chain script '/home/while/robomaster_ws/install/setup.zsh'
